0 info it worked if it ends with ok
1 verbose cli [ '/usr/bin/nodejs', '/usr/bin/npm', 'install', './paquete.tar' ]
2 info using npm@3.5.2
3 info using node@v4.2.6
4 silly loadCurrentTree Starting
5 silly install loadCurrentTree
6 silly install readLocalPackageData
7 silly fetchPackageMetaData ./paquete.tar
8 silly fetchOtherPackageData ./paquete.tar
9 silly cache add args [ './paquete.tar', null ]
10 verbose cache add spec ./paquete.tar
11 silly cache add parsed spec Result {
11 silly cache add   raw: './paquete.tar',
11 silly cache add   scope: null,
11 silly cache add   name: null,
11 silly cache add   rawSpec: './paquete.tar',
11 silly cache add   spec: '/home/diana/node-planti/paquete.tar',
11 silly cache add   type: 'local' }
12 error addLocal Could not install /home/diana/node-planti/paquete.tar
13 silly fetchPackageMetaData Error: ENOENT: no such file or directory, open '/home/diana/node-planti/paquete.tar'
13 silly fetchPackageMetaData     at Error (native)
13 silly fetchPackageMetaData  error for ./paquete.tar { [Error: ENOENT: no such file or directory, open '/home/diana/node-planti/paquete.tar']
13 silly fetchPackageMetaData   errno: -2,
13 silly fetchPackageMetaData   code: 'ENOENT',
13 silly fetchPackageMetaData   syscall: 'open',
13 silly fetchPackageMetaData   path: '/home/diana/node-planti/paquete.tar' }
14 silly rollbackFailedOptional Starting
15 silly rollbackFailedOptional Finishing
16 silly runTopLevelLifecycles Starting
17 silly runTopLevelLifecycles Finishing
18 silly install printInstalled
19 verbose stack Error: ENOENT: no such file or directory, open '/home/diana/node-planti/paquete.tar'
19 verbose stack     at Error (native)
20 verbose cwd /home/diana/node-planti
21 error Linux 4.10.0-35-generic
22 error argv "/usr/bin/nodejs" "/usr/bin/npm" "install" "./paquete.tar"
23 error node v4.2.6
24 error npm  v3.5.2
25 error path /home/diana/node-planti/paquete.tar
26 error code ENOENT
27 error errno -2
28 error syscall open
29 error enoent ENOENT: no such file or directory, open '/home/diana/node-planti/paquete.tar'
30 error enoent ENOENT: no such file or directory, open '/home/diana/node-planti/paquete.tar'
30 error enoent This is most likely not a problem with npm itself
30 error enoent and is related to npm not being able to find a file.
31 verbose exit [ -2, true ]
